::1 - - [24/Feb/2026 12:16:43] "GET /index.html HTTP/1.1" 200 -
::1 - - [24/Feb/2026 12:16:44] "GET /styles.css?v=31 HTTP/1.1" 304 -
::1 - - [24/Feb/2026 12:16:44] "GET /script.js?v=31 HTTP/1.1" 304 -
::1 - - [24/Feb/2026 12:54:39] "GET /index.html HTTP/1.1" 200 -
::1 - - [24/Feb/2026 12:54:39] "GET /assets/images/sync.jpg HTTP/1.1" 200 -
::1 - - [24/Feb/2026 12:54:39] "GET /styles.css?v=32 HTTP/1.1" 200 -
::1 - - [24/Feb/2026 12:54:39] "GET /assets/images/7west.jpg HTTP/1.1" 200 -
::1 - - [24/Feb/2026 12:54:39] "GET /assets/images/zillow.jpg HTTP/1.1" 200 -
::1 - - [24/Feb/2026 12:54:39] "GET /assets/images/word-clock.jpg HTTP/1.1" 200 -
::1 - - [24/Feb/2026 12:54:39] "GET /assets/images/sea-love.jpg HTTP/1.1" 200 -
::1 - - [24/Feb/2026 12:54:39] "GET /script.js?v=32 HTTP/1.1" 200 -
::1 - - [24/Feb/2026 12:54:39] "GET /assets/images/autonomous-vehicle.jpg HTTP/1.1" 200 -
::1 - - [24/Feb/2026 12:54:39] "GET /assets/images/google-nest.jpg HTTP/1.1" 200 -
::1 - - [24/Feb/2026 12:54:39] "GET /assets/images/kohler-scadpro.jpg HTTP/1.1" 200 -
::1 - - [24/Feb/2026 12:54:39] "GET /assets/images/kroger.jpg HTTP/1.1" 200 -
::1 - - [24/Feb/2026 12:54:39] code 404, message File not found
::1 - - [24/Feb/2026 12:54:39] "GET /favicon.ico HTTP/1.1" 404 -
::1 - - [25/Feb/2026 05:35:40] "GET /assets/images/sync.jpg HTTP/1.1" 304 -
::1 - - [25/Feb/2026 05:35:40] "GET /assets/images/autonomous-vehicle.jpg HTTP/1.1" 304 -
::1 - - [25/Feb/2026 05:35:40] "GET /assets/images/sea-love.jpg HTTP/1.1" 304 -
::1 - - [25/Feb/2026 05:35:40] "GET /assets/images/google-nest.jpg HTTP/1.1" 304 -
::1 - - [25/Feb/2026 05:35:40] "GET /assets/images/kroger.jpg HTTP/1.1" 304 -
::1 - - [25/Feb/2026 05:35:40] "GET /assets/images/7west.jpg HTTP/1.1" 304 -
::1 - - [25/Feb/2026 05:35:44] "GET /assets/images/kohler-scadpro.jpg HTTP/1.1" 304 -
::1 - - [25/Feb/2026 05:35:44] "GET /assets/images/word-clock.jpg HTTP/1.1" 304 -
::1 - - [25/Feb/2026 05:35:45] "GET /assets/images/zillow.jpg HTTP/1.1" 304 -
::1 - - [25/Feb/2026 05:39:16] "GET /index.html HTTP/1.1" 200 -
::1 - - [25/Feb/2026 05:39:16] "GET /assets/images/zillow.jpg HTTP/1.1" 200 -
::1 - - [25/Feb/2026 05:39:16] "GET /assets/images/sync.jpg HTTP/1.1" 200 -
::1 - - [25/Feb/2026 05:39:16] "GET /assets/images/sea-love.jpg HTTP/1.1" 200 -
::1 - - [25/Feb/2026 05:39:16] "GET /assets/images/7west.jpg HTTP/1.1" 200 -
::1 - - [25/Feb/2026 05:39:16] "GET /assets/images/word-clock.jpg HTTP/1.1" 200 -
::1 - - [25/Feb/2026 05:39:16] "GET /styles.css?v=33 HTTP/1.1" 200 -
::1 - - [25/Feb/2026 05:39:16] "GET /script.js?v=33 HTTP/1.1" 200 -
::1 - - [25/Feb/2026 05:39:16] "GET /assets/images/kroger.jpg HTTP/1.1" 200 -
::1 - - [25/Feb/2026 05:39:16] "GET /assets/images/autonomous-vehicle.jpg HTTP/1.1" 200 -
::1 - - [25/Feb/2026 05:39:16] "GET /assets/images/kohler-scadpro.jpg HTTP/1.1" 200 -
::1 - - [25/Feb/2026 05:39:16] "GET /assets/images/google-nest.jpg HTTP/1.1" 200 -
::1 - - [25/Feb/2026 05:39:16] code 404, message File not found
::1 - - [25/Feb/2026 05:39:16] "GET /favicon.ico HTTP/1.1" 404 -
::1 - - [25/Feb/2026 05:44:48] "GET /index.html HTTP/1.1" 200 -
::1 - - [25/Feb/2026 05:44:48] "GET /assets/images/sync.jpg HTTP/1.1" 200 -
::1 - - [25/Feb/2026 05:44:48] "GET /styles.css?v=34 HTTP/1.1" 200 -
::1 - - [25/Feb/2026 05:44:48] "GET /assets/images/7west.jpg HTTP/1.1" 200 -
::1 - - [25/Feb/2026 05:44:48] "GET /assets/images/zillow.jpg HTTP/1.1" 200 -
::1 - - [25/Feb/2026 05:44:48] "GET /assets/images/sea-love.jpg HTTP/1.1" 200 -
::1 - - [25/Feb/2026 05:44:48] "GET /assets/images/word-clock.jpg HTTP/1.1" 200 -
::1 - - [25/Feb/2026 05:44:48] "GET /script.js?v=34 HTTP/1.1" 200 -
::1 - - [25/Feb/2026 05:44:48] "GET /assets/images/google-nest.jpg HTTP/1.1" 200 -
::1 - - [25/Feb/2026 05:44:48] "GET /assets/images/kohler-scadpro.jpg HTTP/1.1" 200 -
::1 - - [25/Feb/2026 05:44:48] "GET /assets/images/autonomous-vehicle.jpg HTTP/1.1" 200 -
::1 - - [25/Feb/2026 05:44:48] "GET /assets/images/kroger.jpg HTTP/1.1" 200 -
::1 - - [25/Feb/2026 05:44:49] code 404, message File not found
::1 - - [25/Feb/2026 05:44:49] "GET /favicon.ico HTTP/1.1" 404 -
::1 - - [25/Feb/2026 05:46:42] "GET /index.html HTTP/1.1" 200 -
::1 - - [25/Feb/2026 05:46:42] "GET /styles.css?v=34 HTTP/1.1" 200 -
::1 - - [25/Feb/2026 05:46:42] "GET /script.js?v=34 HTTP/1.1" 200 -
::1 - - [25/Feb/2026 05:46:42] "GET /assets/images/sync.jpg HTTP/1.1" 200 -
::1 - - [25/Feb/2026 05:46:42] "GET /assets/images/7west.jpg HTTP/1.1" 200 -
::1 - - [25/Feb/2026 05:46:42] "GET /assets/images/zillow.jpg HTTP/1.1" 200 -
::1 - - [25/Feb/2026 05:46:42] "GET /assets/images/word-clock.jpg HTTP/1.1" 200 -
::1 - - [25/Feb/2026 05:46:42] "GET /assets/images/google-nest.jpg HTTP/1.1" 200 -
::1 - - [25/Feb/2026 05:46:42] "GET /assets/images/sea-love.jpg HTTP/1.1" 200 -
::1 - - [25/Feb/2026 05:46:42] "GET /assets/images/autonomous-vehicle.jpg HTTP/1.1" 200 -
::1 - - [25/Feb/2026 05:46:42] "GET /assets/images/kohler-scadpro.jpg HTTP/1.1" 200 -
::1 - - [25/Feb/2026 05:46:42] "GET /assets/images/kroger.jpg HTTP/1.1" 200 -
::1 - - [25/Feb/2026 05:46:42] code 404, message File not found
::1 - - [25/Feb/2026 05:46:42] "GET /favicon.ico HTTP/1.1" 404 -
::1 - - [25/Feb/2026 05:56:21] "GET /index.html HTTP/1.1" 200 -
::1 - - [25/Feb/2026 05:56:21] "GET /styles.css?v=35 HTTP/1.1" 200 -
::1 - - [25/Feb/2026 05:56:21] "GET /script.js?v=35 HTTP/1.1" 200 -
::1 - - [25/Feb/2026 05:56:28] "GET /index.html HTTP/1.1" 200 -
::1 - - [25/Feb/2026 05:56:28] "GET /assets/images/sync.jpg HTTP/1.1" 200 -
::1 - - [25/Feb/2026 05:56:28] "GET /styles.css?v=35 HTTP/1.1" 200 -
::1 - - [25/Feb/2026 05:56:28] "GET /assets/images/7west.jpg HTTP/1.1" 200 -
::1 - - [25/Feb/2026 05:56:28] "GET /assets/images/word-clock.jpg HTTP/1.1" 200 -
::1 - - [25/Feb/2026 05:56:28] "GET /assets/images/zillow.jpg HTTP/1.1" 200 -
::1 - - [25/Feb/2026 05:56:28] "GET /script.js?v=35 HTTP/1.1" 200 -
::1 - - [25/Feb/2026 05:56:28] "GET /assets/images/sea-love.jpg HTTP/1.1" 200 -
::1 - - [25/Feb/2026 05:56:28] "GET /assets/images/google-nest.jpg HTTP/1.1" 200 -
::1 - - [25/Feb/2026 05:56:28] "GET /assets/images/autonomous-vehicle.jpg HTTP/1.1" 200 -
::1 - - [25/Feb/2026 05:56:28] "GET /assets/images/kroger.jpg HTTP/1.1" 200 -
::1 - - [25/Feb/2026 05:56:28] "GET /assets/images/kohler-scadpro.jpg HTTP/1.1" 200 -
::1 - - [25/Feb/2026 05:56:29] code 404, message File not found
::1 - - [25/Feb/2026 05:56:29] "GET /favicon.ico HTTP/1.1" 404 -
::1 - - [25/Feb/2026 05:56:31] "GET /index.html HTTP/1.1" 304 -
::1 - - [25/Feb/2026 05:56:32] "GET /script.js?v=35 HTTP/1.1" 304 -
::1 - - [25/Feb/2026 06:01:32] "GET /index.html HTTP/1.1" 200 -
::1 - - [25/Feb/2026 06:01:32] "GET /styles.css?v=35 HTTP/1.1" 200 -
::1 - - [25/Feb/2026 06:01:32] "GET /script.js?v=35 HTTP/1.1" 200 -
::1 - - [25/Feb/2026 06:01:32] "GET /assets/images/sea-love.jpg HTTP/1.1" 200 -
::1 - - [25/Feb/2026 06:01:32] "GET /assets/images/sync.jpg HTTP/1.1" 200 -
::1 - - [25/Feb/2026 06:01:32] "GET /assets/images/7west.jpg HTTP/1.1" 200 -
::1 - - [25/Feb/2026 06:01:32] "GET /assets/images/word-clock.jpg HTTP/1.1" 200 -
::1 - - [25/Feb/2026 06:01:32] "GET /assets/images/google-nest.jpg HTTP/1.1" 200 -
::1 - - [25/Feb/2026 06:01:32] "GET /assets/images/zillow.jpg HTTP/1.1" 200 -
::1 - - [25/Feb/2026 06:01:32] "GET /assets/images/autonomous-vehicle.jpg HTTP/1.1" 200 -
::1 - - [25/Feb/2026 06:01:32] "GET /assets/images/kroger.jpg HTTP/1.1" 200 -
::1 - - [25/Feb/2026 06:01:32] "GET /assets/images/kohler-scadpro.jpg HTTP/1.1" 200 -
::1 - - [25/Feb/2026 06:01:33] code 404, message File not found
::1 - - [25/Feb/2026 06:01:33] "GET /favicon.ico HTTP/1.1" 404 -
::1 - - [25/Feb/2026 06:05:11] "GET /index.html HTTP/1.1" 200 -
::1 - - [25/Feb/2026 06:05:11] "GET /styles.css?v=35 HTTP/1.1" 200 -
::1 - - [25/Feb/2026 06:05:11] "GET /script.js?v=35 HTTP/1.1" 200 -
::1 - - [25/Feb/2026 06:05:11] "GET /assets/images/7west.jpg HTTP/1.1" 200 -
::1 - - [25/Feb/2026 06:05:11] "GET /assets/images/sea-love.jpg HTTP/1.1" 200 -
::1 - - [25/Feb/2026 06:05:11] "GET /assets/images/sync.jpg HTTP/1.1" 200 -
::1 - - [25/Feb/2026 06:05:11] "GET /assets/images/word-clock.jpg HTTP/1.1" 200 -
::1 - - [25/Feb/2026 06:05:11] "GET /assets/images/zillow.jpg HTTP/1.1" 200 -
::1 - - [25/Feb/2026 06:05:11] "GET /assets/images/google-nest.jpg HTTP/1.1" 200 -
::1 - - [25/Feb/2026 06:05:11] "GET /assets/images/kohler-scadpro.jpg HTTP/1.1" 200 -
::1 - - [25/Feb/2026 06:05:11] "GET /assets/images/kroger.jpg HTTP/1.1" 200 -
::1 - - [25/Feb/2026 06:05:11] "GET /assets/images/autonomous-vehicle.jpg HTTP/1.1" 200 -
::1 - - [25/Feb/2026 06:05:11] code 404, message File not found
::1 - - [25/Feb/2026 06:05:11] "GET /favicon.ico HTTP/1.1" 404 -
::1 - - [25/Feb/2026 06:13:07] "GET /index.html HTTP/1.1" 200 -
::1 - - [25/Feb/2026 06:13:08] "GET /styles.css?v=36 HTTP/1.1" 200 -
::1 - - [25/Feb/2026 06:13:08] "GET /assets/images/7west.jpg HTTP/1.1" 200 -
::1 - - [25/Feb/2026 06:13:08] "GET /assets/images/word-clock.jpg HTTP/1.1" 200 -
::1 - - [25/Feb/2026 06:13:08] "GET /assets/images/zillow.jpg HTTP/1.1" 200 -
::1 - - [25/Feb/2026 06:13:08] "GET /assets/images/sync.jpg HTTP/1.1" 200 -
::1 - - [25/Feb/2026 06:13:08] "GET /assets/images/sea-love.jpg HTTP/1.1" 200 -
::1 - - [25/Feb/2026 06:13:08] "GET /script.js?v=36 HTTP/1.1" 200 -
::1 - - [25/Feb/2026 06:13:08] "GET /assets/images/google-nest.jpg HTTP/1.1" 200 -
::1 - - [25/Feb/2026 06:13:08] "GET /assets/images/kroger.jpg HTTP/1.1" 200 -
::1 - - [25/Feb/2026 06:13:08] "GET /assets/images/autonomous-vehicle.jpg HTTP/1.1" 200 -
::1 - - [25/Feb/2026 06:13:08] "GET /assets/images/kohler-scadpro.jpg HTTP/1.1" 200 -
::1 - - [25/Feb/2026 06:13:08] code 404, message File not found
::1 - - [25/Feb/2026 06:13:08] "GET /assets/images/keerthi.jpg HTTP/1.1" 404 -
::1 - - [25/Feb/2026 06:13:08] code 404, message File not found
::1 - - [25/Feb/2026 06:13:08] "GET /favicon.ico HTTP/1.1" 404 -
::1 - - [25/Feb/2026 06:15:05] "GET /index.html HTTP/1.1" 200 -
::1 - - [25/Feb/2026 06:15:06] "GET /styles.css?v=37 HTTP/1.1" 200 -
::1 - - [25/Feb/2026 06:15:06] "GET /script.js?v=37 HTTP/1.1" 200 -
::1 - - [25/Feb/2026 06:15:06] code 404, message File not found
::1 - - [25/Feb/2026 06:15:06] "GET /assets/images/keerthi.jpg HTTP/1.1" 404 -
::1 - - [25/Feb/2026 06:15:16] "GET /index.html HTTP/1.1" 200 -
::1 - - [25/Feb/2026 06:15:16] "GET /script.js?v=37 HTTP/1.1" 200 -
::1 - - [25/Feb/2026 06:15:16] "GET /styles.css?v=37 HTTP/1.1" 200 -
::1 - - [25/Feb/2026 06:15:17] code 404, message File not found
::1 - - [25/Feb/2026 06:15:17] "GET /assets/images/keerthi.jpg HTTP/1.1" 404 -
::1 - - [25/Feb/2026 06:17:34] "GET /index.html HTTP/1.1" 200 -
::1 - - [25/Feb/2026 06:17:34] "GET /assets/images/word-clock.jpg HTTP/1.1" 200 -
::1 - - [25/Feb/2026 06:17:34] "GET /styles.css?v=37 HTTP/1.1" 200 -
::1 - - [25/Feb/2026 06:17:34] "GET /script.js?v=37 HTTP/1.1" 200 -
::1 - - [25/Feb/2026 06:17:34] "GET /assets/images/sync.jpg HTTP/1.1" 200 -
::1 - - [25/Feb/2026 06:17:34] "GET /assets/images/7west.jpg HTTP/1.1" 200 -
::1 - - [25/Feb/2026 06:17:34] "GET /assets/images/sea-love.jpg HTTP/1.1" 200 -
::1 - - [25/Feb/2026 06:17:34] "GET /assets/images/zillow.jpg HTTP/1.1" 200 -
::1 - - [25/Feb/2026 06:17:34] "GET /assets/images/google-nest.jpg HTTP/1.1" 200 -
::1 - - [25/Feb/2026 06:17:34] "GET /assets/images/autonomous-vehicle.jpg HTTP/1.1" 200 -
::1 - - [25/Feb/2026 06:17:34] "GET /assets/images/kohler-scadpro.jpg HTTP/1.1" 200 -
::1 - - [25/Feb/2026 06:17:34] "GET /assets/images/kroger.jpg HTTP/1.1" 200 -
::1 - - [25/Feb/2026 06:17:34] code 404, message File not found
::1 - - [25/Feb/2026 06:17:34] "GET /assets/images/keerthi.jpg HTTP/1.1" 404 -
::1 - - [25/Feb/2026 06:17:34] code 404, message File not found
::1 - - [25/Feb/2026 06:17:34] "GET /favicon.ico HTTP/1.1" 404 -
::1 - - [25/Feb/2026 06:21:55] "GET /index.html HTTP/1.1" 200 -
::1 - - [25/Feb/2026 06:21:55] "GET /styles.css?v=38 HTTP/1.1" 200 -
::1 - - [25/Feb/2026 06:21:55] "GET /script.js?v=38 HTTP/1.1" 200 -
::1 - - [25/Feb/2026 06:21:55] code 404, message File not found
::1 - - [25/Feb/2026 06:21:55] "GET /assets/images/keerthi.jpg HTTP/1.1" 404 -
::1 - - [25/Feb/2026 06:35:33] "GET /index.html HTTP/1.1" 200 -
::1 - - [25/Feb/2026 06:35:33] "GET /styles.css?v=39 HTTP/1.1" 200 -
::1 - - [25/Feb/2026 06:35:33] "GET /script.js?v=39 HTTP/1.1" 200 -
::1 - - [25/Feb/2026 06:35:33] code 404, message File not found
::1 - - [25/Feb/2026 06:35:33] "GET /assets/images/keerthi.jpg HTTP/1.1" 404 -
::1 - - [25/Feb/2026 06:43:23] "GET /index.html HTTP/1.1" 200 -
::1 - - [25/Feb/2026 06:43:23] "GET /assets/images/sync.jpg HTTP/1.1" 200 -
::1 - - [25/Feb/2026 06:43:23] "GET /script.js?v=39 HTTP/1.1" 200 -
::1 - - [25/Feb/2026 06:43:23] "GET /styles.css?v=39 HTTP/1.1" 200 -
::1 - - [25/Feb/2026 06:43:23] "GET /assets/images/sea-love.jpg HTTP/1.1" 200 -
::1 - - [25/Feb/2026 06:43:23] "GET /assets/images/word-clock.jpg HTTP/1.1" 200 -
::1 - - [25/Feb/2026 06:43:23] "GET /assets/images/zillow.jpg HTTP/1.1" 200 -
::1 - - [25/Feb/2026 06:43:23] "GET /assets/images/7west.jpg HTTP/1.1" 200 -
::1 - - [25/Feb/2026 06:43:23] "GET /assets/images/google-nest.jpg HTTP/1.1" 200 -
::1 - - [25/Feb/2026 06:43:23] code 404, message File not found
::1 - - [25/Feb/2026 06:43:23] "GET /assets/images/keerthi.jpg HTTP/1.1" 404 -
::1 - - [25/Feb/2026 06:43:23] "GET /assets/images/kroger.jpg HTTP/1.1" 200 -
::1 - - [25/Feb/2026 06:43:23] "GET /assets/images/autonomous-vehicle.jpg HTTP/1.1" 200 -
::1 - - [25/Feb/2026 06:43:23] "GET /assets/images/kohler-scadpro.jpg HTTP/1.1" 200 -
::1 - - [25/Feb/2026 06:43:23] code 404, message File not found
::1 - - [25/Feb/2026 06:43:23] "GET /favicon.ico HTTP/1.1" 404 -
::1 - - [25/Feb/2026 06:44:06] "GET /index.html HTTP/1.1" 200 -
::1 - - [25/Feb/2026 06:44:06] "GET /styles.css?v=38 HTTP/1.1" 200 -
::1 - - [25/Feb/2026 06:44:06] "GET /assets/images/sync.jpg HTTP/1.1" 200 -
::1 - - [25/Feb/2026 06:44:06] "GET /assets/images/7west.jpg HTTP/1.1" 200 -
::1 - - [25/Feb/2026 06:44:06] "GET /assets/images/word-clock.jpg HTTP/1.1" 200 -
::1 - - [25/Feb/2026 06:44:06] "GET /assets/images/zillow.jpg HTTP/1.1" 200 -
::1 - - [25/Feb/2026 06:44:06] "GET /script.js?v=38 HTTP/1.1" 200 -
::1 - - [25/Feb/2026 06:44:06] "GET /assets/images/sea-love.jpg HTTP/1.1" 200 -
::1 - - [25/Feb/2026 06:44:06] "GET /assets/images/google-nest.jpg HTTP/1.1" 200 -
::1 - - [25/Feb/2026 06:44:06] "GET /assets/images/autonomous-vehicle.jpg HTTP/1.1" 200 -
::1 - - [25/Feb/2026 06:44:06] "GET /assets/images/kohler-scadpro.jpg HTTP/1.1" 200 -
::1 - - [25/Feb/2026 06:44:06] "GET /assets/images/kroger.jpg HTTP/1.1" 200 -
::1 - - [25/Feb/2026 06:44:06] code 404, message File not found
::1 - - [25/Feb/2026 06:44:06] "GET /assets/images/keerthi.jpg HTTP/1.1" 404 -
::1 - - [25/Feb/2026 06:44:06] code 404, message File not found
::1 - - [25/Feb/2026 06:44:06] "GET /favicon.ico HTTP/1.1" 404 -
::1 - - [25/Feb/2026 06:46:10] "GET /index.html HTTP/1.1" 200 -
::1 - - [25/Feb/2026 06:46:10] "GET /styles.css?v=39 HTTP/1.1" 200 -
::1 - - [25/Feb/2026 06:46:10] "GET /script.js?v=39 HTTP/1.1" 304 -
::1 - - [25/Feb/2026 06:46:10] code 404, message File not found
::1 - - [25/Feb/2026 06:46:10] "GET /assets/images/keerthi.jpg HTTP/1.1" 404 -
::1 - - [25/Feb/2026 06:50:14] "GET /index.html HTTP/1.1" 200 -
::1 - - [25/Feb/2026 06:50:14] "GET /assets/images/7west.jpg HTTP/1.1" 200 -
::1 - - [25/Feb/2026 06:50:14] "GET /assets/images/zillow.jpg HTTP/1.1" 200 -
::1 - - [25/Feb/2026 06:50:14] "GET /script.js?v=40 HTTP/1.1" 200 -
::1 - - [25/Feb/2026 06:50:14] "GET /styles.css?v=40 HTTP/1.1" 200 -
::1 - - [25/Feb/2026 06:50:14] "GET /assets/images/word-clock.jpg HTTP/1.1" 200 -
::1 - - [25/Feb/2026 06:50:14] "GET /assets/images/sync.jpg HTTP/1.1" 200 -
::1 - - [25/Feb/2026 06:50:14] "GET /assets/images/sea-love.jpg HTTP/1.1" 200 -
::1 - - [25/Feb/2026 06:50:14] "GET /assets/images/google-nest.jpg HTTP/1.1" 200 -
::1 - - [25/Feb/2026 06:50:14] "GET /assets/images/kohler-scadpro.jpg HTTP/1.1" 200 -
::1 - - [25/Feb/2026 06:50:14] "GET /assets/images/kroger.jpg HTTP/1.1" 200 -
::1 - - [25/Feb/2026 06:50:14] "GET /assets/images/autonomous-vehicle.jpg HTTP/1.1" 200 -
::1 - - [25/Feb/2026 06:50:14] code 404, message File not found
::1 - - [25/Feb/2026 06:50:14] "GET /assets/images/keerthi.jpg HTTP/1.1" 404 -
::1 - - [25/Feb/2026 06:50:14] code 404, message File not found
::1 - - [25/Feb/2026 06:50:14] "GET /favicon.ico HTTP/1.1" 404 -
::1 - - [25/Feb/2026 06:50:42] "GET /index.html HTTP/1.1" 200 -
::1 - - [25/Feb/2026 06:50:42] "GET /styles.css?v=40 HTTP/1.1" 200 -
::1 - - [25/Feb/2026 06:50:42] "GET /script.js?v=40 HTTP/1.1" 200 -
::1 - - [25/Feb/2026 06:50:42] "GET /assets/images/sync.jpg HTTP/1.1" 200 -
::1 - - [25/Feb/2026 06:50:42] "GET /assets/images/7west.jpg HTTP/1.1" 200 -
::1 - - [25/Feb/2026 06:50:42] "GET /assets/images/zillow.jpg HTTP/1.1" 200 -
::1 - - [25/Feb/2026 06:50:42] "GET /assets/images/word-clock.jpg HTTP/1.1" 200 -
::1 - - [25/Feb/2026 06:50:42] "GET /assets/images/sea-love.jpg HTTP/1.1" 200 -
::1 - - [25/Feb/2026 06:50:42] "GET /assets/images/google-nest.jpg HTTP/1.1" 200 -
::1 - - [25/Feb/2026 06:50:42] "GET /assets/images/kroger.jpg HTTP/1.1" 200 -
::1 - - [25/Feb/2026 06:50:42] code 404, message File not found
::1 - - [25/Feb/2026 06:50:42] "GET /assets/images/keerthi.jpg HTTP/1.1" 404 -
::1 - - [25/Feb/2026 06:50:42] "GET /assets/images/kohler-scadpro.jpg HTTP/1.1" 200 -
::1 - - [25/Feb/2026 06:50:42] "GET /assets/images/autonomous-vehicle.jpg HTTP/1.1" 200 -
::1 - - [25/Feb/2026 06:50:43] code 404, message File not found
::1 - - [25/Feb/2026 06:50:43] "GET /favicon.ico HTTP/1.1" 404 -
::1 - - [25/Feb/2026 06:54:25] "GET /index.html HTTP/1.1" 200 -
::1 - - [25/Feb/2026 06:54:26] "GET /styles.css?v=41 HTTP/1.1" 200 -
::1 - - [25/Feb/2026 06:54:26] "GET /script.js?v=41 HTTP/1.1" 200 -
::1 - - [25/Feb/2026 06:54:26] code 404, message File not found
::1 - - [25/Feb/2026 06:54:26] "GET /assets/images/keerthi.jpg HTTP/1.1" 404 -
::1 - - [25/Feb/2026 06:58:31] "GET /index.html HTTP/1.1" 200 -
::1 - - [25/Feb/2026 06:58:31] "GET /styles.css?v=42 HTTP/1.1" 200 -
::1 - - [25/Feb/2026 06:58:31] "GET /script.js?v=42 HTTP/1.1" 200 -
::1 - - [25/Feb/2026 06:58:31] code 404, message File not found
::1 - - [25/Feb/2026 06:58:31] "GET /assets/images/keerthi.jpg HTTP/1.1" 404 -
::1 - - [25/Feb/2026 07:04:49] "GET /index.html HTTP/1.1" 200 -
::1 - - [25/Feb/2026 07:04:50] "GET /styles.css?v=43 HTTP/1.1" 200 -
::1 - - [25/Feb/2026 07:04:50] "GET /assets/images/sync.jpg HTTP/1.1" 200 -
::1 - - [25/Feb/2026 07:04:50] "GET /assets/images/7west.jpg HTTP/1.1" 200 -
::1 - - [25/Feb/2026 07:04:50] "GET /assets/images/word-clock.jpg HTTP/1.1" 200 -
::1 - - [25/Feb/2026 07:04:50] "GET /assets/images/zillow.jpg HTTP/1.1" 200 -
::1 - - [25/Feb/2026 07:04:50] "GET /assets/images/sea-love.jpg HTTP/1.1" 200 -
::1 - - [25/Feb/2026 07:04:50] "GET /script.js?v=43 HTTP/1.1" 200 -
::1 - - [25/Feb/2026 07:04:50] "GET /assets/images/google-nest.jpg HTTP/1.1" 200 -
::1 - - [25/Feb/2026 07:04:50] "GET /assets/images/autonomous-vehicle.jpg HTTP/1.1" 200 -
::1 - - [25/Feb/2026 07:04:50] "GET /assets/images/kohler-scadpro.jpg HTTP/1.1" 200 -
::1 - - [25/Feb/2026 07:04:50] "GET /assets/images/kroger.jpg HTTP/1.1" 200 -
::1 - - [25/Feb/2026 07:04:50] code 404, message File not found
::1 - - [25/Feb/2026 07:04:50] "GET /assets/images/keerthi.jpg HTTP/1.1" 404 -
::1 - - [25/Feb/2026 07:04:50] code 404, message File not found
::1 - - [25/Feb/2026 07:04:50] "GET /favicon.ico HTTP/1.1" 404 -
::1 - - [25/Feb/2026 07:09:15] "GET /index.html HTTP/1.1" 200 -
::1 - - [25/Feb/2026 07:09:16] "GET /styles.css?v=44 HTTP/1.1" 200 -
::1 - - [25/Feb/2026 07:09:16] "GET /script.js?v=43 HTTP/1.1" 200 -
::1 - - [25/Feb/2026 07:09:16] "GET /assets/images/sync.jpg HTTP/1.1" 200 -
::1 - - [25/Feb/2026 07:09:16] "GET /assets/images/zillow.jpg HTTP/1.1" 200 -
::1 - - [25/Feb/2026 07:09:16] "GET /assets/images/word-clock.jpg HTTP/1.1" 200 -
::1 - - [25/Feb/2026 07:09:16] "GET /assets/images/7west.jpg HTTP/1.1" 200 -
::1 - - [25/Feb/2026 07:09:16] "GET /assets/images/sea-love.jpg HTTP/1.1" 200 -
::1 - - [25/Feb/2026 07:09:16] "GET /assets/images/google-nest.jpg HTTP/1.1" 200 -
::1 - - [25/Feb/2026 07:09:16] "GET /assets/images/kroger.jpg HTTP/1.1" 200 -
::1 - - [25/Feb/2026 07:09:16] "GET /assets/images/autonomous-vehicle.jpg HTTP/1.1" 200 -
::1 - - [25/Feb/2026 07:09:16] code 404, message File not found
::1 - - [25/Feb/2026 07:09:16] "GET /assets/images/keerthi.jpg HTTP/1.1" 404 -
::1 - - [25/Feb/2026 07:09:16] "GET /assets/images/kohler-scadpro.jpg HTTP/1.1" 200 -
::1 - - [25/Feb/2026 07:09:16] code 404, message File not found
::1 - - [25/Feb/2026 07:09:16] "GET /favicon.ico HTTP/1.1" 404 -
::1 - - [25/Feb/2026 07:09:44] "GET /index.html HTTP/1.1" 304 -
::1 - - [25/Feb/2026 07:09:45] "GET /styles.css?v=44 HTTP/1.1" 304 -
::1 - - [25/Feb/2026 07:09:45] code 404, message File not found
::1 - - [25/Feb/2026 07:09:45] "GET /assets/images/keerthi.jpg HTTP/1.1" 404 -
::1 - - [25/Feb/2026 07:14:55] "GET /index.html HTTP/1.1" 200 -
::1 - - [25/Feb/2026 07:14:55] "GET /styles.css?v=45 HTTP/1.1" 200 -
::1 - - [25/Feb/2026 07:14:55] "GET /script.js?v=45 HTTP/1.1" 200 -
::1 - - [25/Feb/2026 07:14:55] code 404, message File not found
::1 - - [25/Feb/2026 07:14:55] "GET /assets/images/keerthi.jpg HTTP/1.1" 404 -
::1 - - [25/Feb/2026 07:16:37] "GET /index.html HTTP/1.1" 200 -
::1 - - [25/Feb/2026 07:16:37] "GET /styles.css?v=46 HTTP/1.1" 200 -
::1 - - [25/Feb/2026 07:16:37] "GET /assets/images/sea-love.jpg HTTP/1.1" 200 -
::1 - - [25/Feb/2026 07:16:37] "GET /script.js?v=45 HTTP/1.1" 200 -
::1 - - [25/Feb/2026 07:16:37] "GET /assets/images/sync.jpg HTTP/1.1" 200 -
::1 - - [25/Feb/2026 07:16:37] "GET /assets/images/7west.jpg HTTP/1.1" 200 -
::1 - - [25/Feb/2026 07:16:37] "GET /assets/images/word-clock.jpg HTTP/1.1" 200 -
::1 - - [25/Feb/2026 07:16:37] "GET /assets/images/zillow.jpg HTTP/1.1" 200 -
::1 - - [25/Feb/2026 07:16:37] "GET /assets/images/google-nest.jpg HTTP/1.1" 200 -
::1 - - [25/Feb/2026 07:16:37] "GET /assets/images/kohler-scadpro.jpg HTTP/1.1" 200 -
::1 - - [25/Feb/2026 07:16:37] "GET /assets/images/autonomous-vehicle.jpg HTTP/1.1" 200 -
::1 - - [25/Feb/2026 07:16:37] "GET /assets/images/kroger.jpg HTTP/1.1" 200 -
::1 - - [25/Feb/2026 07:16:37] code 404, message File not found
::1 - - [25/Feb/2026 07:16:37] "GET /assets/images/keerthi.jpg HTTP/1.1" 404 -
::1 - - [25/Feb/2026 07:16:37] code 404, message File not found
::1 - - [25/Feb/2026 07:16:37] "GET /favicon.ico HTTP/1.1" 404 -
::1 - - [25/Feb/2026 07:18:17] "GET /index.html HTTP/1.1" 200 -
::1 - - [25/Feb/2026 07:18:17] "GET /styles.css?v=47 HTTP/1.1" 200 -
::1 - - [25/Feb/2026 07:18:17] "GET /assets/images/sync.jpg HTTP/1.1" 200 -
::1 - - [25/Feb/2026 07:18:17] "GET /script.js?v=45 HTTP/1.1" 200 -
::1 - - [25/Feb/2026 07:18:17] "GET /assets/images/7west.jpg HTTP/1.1" 200 -
::1 - - [25/Feb/2026 07:18:17] "GET /assets/images/word-clock.jpg HTTP/1.1" 200 -
::1 - - [25/Feb/2026 07:18:17] "GET /assets/images/sea-love.jpg HTTP/1.1" 200 -
::1 - - [25/Feb/2026 07:18:17] "GET /assets/images/google-nest.jpg HTTP/1.1" 200 -
::1 - - [25/Feb/2026 07:18:17] "GET /assets/images/zillow.jpg HTTP/1.1" 200 -
::1 - - [25/Feb/2026 07:18:17] "GET /assets/images/autonomous-vehicle.jpg HTTP/1.1" 200 -
::1 - - [25/Feb/2026 07:18:17] "GET /assets/images/kohler-scadpro.jpg HTTP/1.1" 200 -
::1 - - [25/Feb/2026 07:18:18] "GET /assets/images/kroger.jpg HTTP/1.1" 200 -
::1 - - [25/Feb/2026 07:18:18] code 404, message File not found
::1 - - [25/Feb/2026 07:18:18] "GET /assets/images/keerthi.jpg HTTP/1.1" 404 -
::1 - - [25/Feb/2026 07:18:18] code 404, message File not found
::1 - - [25/Feb/2026 07:18:18] "GET /favicon.ico HTTP/1.1" 404 -
::1 - - [25/Feb/2026 07:26:16] "GET /index.html HTTP/1.1" 304 -
::1 - - [25/Feb/2026 07:26:17] code 404, message File not found
::1 - - [25/Feb/2026 07:26:17] "GET /assets/images/keerthi.jpg HTTP/1.1" 404 -
::1 - - [25/Feb/2026 07:26:17] "GET /styles.css?v=47 HTTP/1.1" 304 -
::1 - - [25/Feb/2026 07:26:17] "GET /script.js?v=45 HTTP/1.1" 304 -
::1 - - [25/Feb/2026 07:28:36] "GET /index.html HTTP/1.1" 200 -
::1 - - [25/Feb/2026 07:28:36] "GET /styles.css?v=48 HTTP/1.1" 200 -
::1 - - [25/Feb/2026 07:28:36] code 404, message File not found
::1 - - [25/Feb/2026 07:28:36] "GET /assets/images/keerthi.jpg HTTP/1.1" 404 -
::1 - - [25/Feb/2026 07:34:38] "GET /index.html HTTP/1.1" 200 -
::1 - - [25/Feb/2026 07:34:38] "GET /styles.css?v=49 HTTP/1.1" 200 -
::1 - - [25/Feb/2026 07:34:38] code 404, message File not found
::1 - - [25/Feb/2026 07:34:38] "GET /assets/images/keerthi.jpg HTTP/1.1" 404 -
::1 - - [25/Feb/2026 07:34:38] "GET /script.js?v=45 HTTP/1.1" 304 -
::1 - - [25/Feb/2026 07:36:51] "GET /index.html HTTP/1.1" 200 -
::1 - - [25/Feb/2026 07:36:51] code 404, message File not found
::1 - - [25/Feb/2026 07:36:51] "GET /styles.css?v=50 HTTP/1.1" 200 -
::1 - - [25/Feb/2026 07:36:51] "GET /assets/images/keerthi.jpg HTTP/1.1" 404 -
::1 - - [25/Feb/2026 07:41:38] "GET /index.html HTTP/1.1" 200 -
::1 - - [25/Feb/2026 07:41:39] "GET /styles.css?v=51 HTTP/1.1" 200 -
::1 - - [25/Feb/2026 07:41:39] code 404, message File not found
::1 - - [25/Feb/2026 07:41:39] "GET /assets/images/keerthi.jpg HTTP/1.1" 404 -
::1 - - [25/Feb/2026 07:41:39] "GET /script.js?v=45 HTTP/1.1" 304 -
::1 - - [25/Feb/2026 07:43:30] "GET /index.html HTTP/1.1" 200 -
::1 - - [25/Feb/2026 07:43:30] "GET /styles.css?v=52 HTTP/1.1" 200 -
::1 - - [25/Feb/2026 07:43:30] code 404, message File not found
::1 - - [25/Feb/2026 07:43:30] "GET /assets/images/keerthi.jpg HTTP/1.1" 404 -
::1 - - [25/Feb/2026 07:51:40] "GET /index.html HTTP/1.1" 200 -
::1 - - [25/Feb/2026 07:51:40] "GET /styles.css?v=53 HTTP/1.1" 200 -
::1 - - [25/Feb/2026 07:51:40] "GET /script.js?v=53 HTTP/1.1" 200 -
::1 - - [25/Feb/2026 07:51:40] code 404, message File not found
::1 - - [25/Feb/2026 07:51:40] "GET /assets/images/keerthi.jpg HTTP/1.1" 404 -
::1 - - [25/Feb/2026 07:58:20] "GET /index.html HTTP/1.1" 200 -
::1 - - [25/Feb/2026 07:58:20] "GET /styles.css?v=54 HTTP/1.1" 200 -
::1 - - [25/Feb/2026 07:58:20] code 404, message File not found
::1 - - [25/Feb/2026 07:58:20] "GET /assets/images/keerthi.jpg HTTP/1.1" 404 -
::1 - - [25/Feb/2026 07:58:20] "GET /script.js?v=53 HTTP/1.1" 200 -
::1 - - [25/Feb/2026 08:11:38] "GET /index.html HTTP/1.1" 200 -
::1 - - [25/Feb/2026 08:11:39] "GET /styles.css?v=55 HTTP/1.1" 200 -
::1 - - [25/Feb/2026 08:11:39] "GET /script.js?v=55 HTTP/1.1" 200 -
::1 - - [25/Feb/2026 08:11:39] code 404, message File not found
::1 - - [25/Feb/2026 08:11:39] "GET /assets/images/keerthi.jpg HTTP/1.1" 404 -
::1 - - [25/Feb/2026 08:22:01] "GET /index.html HTTP/1.1" 200 -
::1 - - [25/Feb/2026 08:22:01] "GET /styles.css?v=56 HTTP/1.1" 200 -
::1 - - [25/Feb/2026 08:22:01] code 404, message File not found
::1 - - [25/Feb/2026 08:22:01] "GET /assets/images/keerthi.jpg HTTP/1.1" 404 -
::1 - - [25/Feb/2026 08:22:01] "GET /script.js?v=55 HTTP/1.1" 200 -
::1 - - [25/Feb/2026 08:25:42] "GET /index.html HTTP/1.1" 200 -
::1 - - [25/Feb/2026 08:25:42] "GET /styles.css?v=57 HTTP/1.1" 200 -
::1 - - [25/Feb/2026 08:25:42] "GET /assets/images/my-quote-photo.jpg HTTP/1.1" 200 -
::1 - - [25/Feb/2026 08:25:42] "GET /script.js?v=55 HTTP/1.1" 304 -
::1 - - [25/Feb/2026 08:32:19] "GET /index.html HTTP/1.1" 200 -
::1 - - [25/Feb/2026 08:32:19] "GET /styles.css?v=58 HTTP/1.1" 200 -
::1 - - [25/Feb/2026 08:32:19] "GET /script.js?v=55 HTTP/1.1" 200 -
::1 - - [25/Feb/2026 08:32:19] "GET /assets/images/my-quote-photo.jpg HTTP/1.1" 304 -
::1 - - [25/Feb/2026 09:44:52] "GET /index.html HTTP/1.1" 200 -
::1 - - [25/Feb/2026 09:44:52] "GET /styles.css?v=59 HTTP/1.1" 200 -
::1 - - [25/Feb/2026 09:44:52] "GET /assets/images/sync.jpg HTTP/1.1" 200 -
::1 - - [25/Feb/2026 09:44:52] "GET /assets/images/7west.jpg HTTP/1.1" 200 -
::1 - - [25/Feb/2026 09:44:52] "GET /assets/images/word-clock.jpg HTTP/1.1" 200 -
::1 - - [25/Feb/2026 09:44:52] "GET /script.js?v=55 HTTP/1.1" 200 -
::1 - - [25/Feb/2026 09:44:52] "GET /assets/images/sea-love.jpg HTTP/1.1" 200 -
::1 - - [25/Feb/2026 09:44:52] "GET /assets/images/zillow.jpg HTTP/1.1" 200 -
::1 - - [25/Feb/2026 09:44:52] "GET /assets/images/google-nest.jpg HTTP/1.1" 200 -
::1 - - [25/Feb/2026 09:44:52] "GET /assets/images/autonomous-vehicle.jpg HTTP/1.1" 200 -
::1 - - [25/Feb/2026 09:44:52] "GET /assets/images/kohler-scadpro.jpg HTTP/1.1" 200 -
::1 - - [25/Feb/2026 09:44:52] "GET /assets/images/kroger.jpg HTTP/1.1" 200 -
::1 - - [25/Feb/2026 09:44:52] "GET /assets/images/my-quote-photo.jpg HTTP/1.1" 200 -
::1 - - [25/Feb/2026 09:44:52] code 404, message File not found
::1 - - [25/Feb/2026 09:44:52] "GET /favicon.ico HTTP/1.1" 404 -
::1 - - [25/Feb/2026 10:07:22] "GET /index.html HTTP/1.1" 200 -
::1 - - [25/Feb/2026 10:07:22] "GET /styles.css?v=60 HTTP/1.1" 200 -
::1 - - [25/Feb/2026 10:07:22] "GET /script.js?v=60 HTTP/1.1" 200 -
::1 - - [25/Feb/2026 10:07:22] "GET /assets/images/my-quote-photo.jpg HTTP/1.1" 304 -
::1 - - [25/Feb/2026 10:20:01] "GET /index.html HTTP/1.1" 200 -
::1 - - [25/Feb/2026 10:20:01] "GET /styles.css?v=61 HTTP/1.1" 200 -
::1 - - [25/Feb/2026 10:20:01] "GET /assets/images/sea-love.jpg HTTP/1.1" 200 -
::1 - - [25/Feb/2026 10:20:01] "GET /assets/images/7west.jpg HTTP/1.1" 200 -
::1 - - [25/Feb/2026 10:20:01] "GET /script.js?v=60 HTTP/1.1" 200 -
::1 - - [25/Feb/2026 10:20:01] "GET /assets/images/sync.jpg HTTP/1.1" 200 -
::1 - - [25/Feb/2026 10:20:01] "GET /assets/images/word-clock.jpg HTTP/1.1" 200 -
::1 - - [25/Feb/2026 10:20:01] "GET /assets/images/google-nest.jpg HTTP/1.1" 200 -
::1 - - [25/Feb/2026 10:20:01] "GET /assets/images/zillow.jpg HTTP/1.1" 200 -
::1 - - [25/Feb/2026 10:20:01] "GET /assets/images/kohler-scadpro.jpg HTTP/1.1" 200 -
::1 - - [25/Feb/2026 10:20:01] "GET /assets/images/kroger.jpg HTTP/1.1" 200 -
::1 - - [25/Feb/2026 10:20:01] "GET /assets/images/autonomous-vehicle.jpg HTTP/1.1" 200 -
::1 - - [25/Feb/2026 10:20:01] "GET /assets/images/my-quote-photo.jpg HTTP/1.1" 200 -
::1 - - [25/Feb/2026 10:20:01] code 404, message File not found
::1 - - [25/Feb/2026 10:20:01] "GET /favicon.ico HTTP/1.1" 404 -
::1 - - [25/Feb/2026 10:20:27] "GET /index.html HTTP/1.1" 200 -
::1 - - [25/Feb/2026 10:20:27] "GET /styles.css?v=57 HTTP/1.1" 200 -
::1 - - [25/Feb/2026 10:20:27] "GET /assets/images/7west.jpg HTTP/1.1" 200 -
::1 - - [25/Feb/2026 10:20:27] "GET /assets/images/sync.jpg HTTP/1.1" 200 -
::1 - - [25/Feb/2026 10:20:27] "GET /assets/images/word-clock.jpg HTTP/1.1" 200 -
::1 - - [25/Feb/2026 10:20:27] "GET /assets/images/zillow.jpg HTTP/1.1" 200 -
::1 - - [25/Feb/2026 10:20:27] "GET /assets/images/sea-love.jpg HTTP/1.1" 200 -
::1 - - [25/Feb/2026 10:20:27] "GET /script.js?v=55 HTTP/1.1" 200 -
::1 - - [25/Feb/2026 10:20:27] "GET /assets/images/google-nest.jpg HTTP/1.1" 200 -
::1 - - [25/Feb/2026 10:20:27] "GET /assets/images/autonomous-vehicle.jpg HTTP/1.1" 200 -
::1 - - [25/Feb/2026 10:20:27] "GET /assets/images/kohler-scadpro.jpg HTTP/1.1" 200 -
::1 - - [25/Feb/2026 10:20:27] "GET /assets/images/kroger.jpg HTTP/1.1" 200 -
::1 - - [25/Feb/2026 10:20:27] "GET /assets/images/my-quote-photo.jpg HTTP/1.1" 200 -
::1 - - [25/Feb/2026 10:20:28] code 404, message File not found
::1 - - [25/Feb/2026 10:20:28] "GET /favicon.ico HTTP/1.1" 404 -
::1 - - [25/Feb/2026 10:22:35] "GET /index.html HTTP/1.1" 200 -
::1 - - [25/Feb/2026 10:22:35] "GET /styles.css?v=58 HTTP/1.1" 200 -
::1 - - [25/Feb/2026 10:22:35] "GET /assets/images/sea-love.jpg HTTP/1.1" 200 -
::1 - - [25/Feb/2026 10:22:35] "GET /assets/images/7west.jpg HTTP/1.1" 200 -
::1 - - [25/Feb/2026 10:22:35] "GET /script.js?v=55 HTTP/1.1" 200 -
::1 - - [25/Feb/2026 10:22:35] "GET /assets/images/sync.jpg HTTP/1.1" 200 -
::1 - - [25/Feb/2026 10:22:35] "GET /assets/images/zillow.jpg HTTP/1.1" 200 -
::1 - - [25/Feb/2026 10:22:35] "GET /assets/images/word-clock.jpg HTTP/1.1" 200 -
::1 - - [25/Feb/2026 10:22:35] "GET /assets/images/google-nest.jpg HTTP/1.1" 200 -
::1 - - [25/Feb/2026 10:22:35] "GET /assets/images/autonomous-vehicle.jpg HTTP/1.1" 200 -
::1 - - [25/Feb/2026 10:22:35] "GET /assets/images/kohler-scadpro.jpg HTTP/1.1" 200 -
::1 - - [25/Feb/2026 10:22:35] "GET /assets/images/kroger.jpg HTTP/1.1" 200 -
::1 - - [25/Feb/2026 10:22:35] "GET /assets/images/my-quote-photo.jpg HTTP/1.1" 200 -
::1 - - [25/Feb/2026 10:22:36] code 404, message File not found
::1 - - [25/Feb/2026 10:22:36] "GET /favicon.ico HTTP/1.1" 404 -
::1 - - [25/Feb/2026 10:23:37] "GET /index.html HTTP/1.1" 200 -
::1 - - [25/Feb/2026 10:23:37] "GET /styles.css?v=58 HTTP/1.1" 200 -
::1 - - [25/Feb/2026 10:23:37] "GET /script.js?v=55 HTTP/1.1" 200 -
::1 - - [25/Feb/2026 10:23:37] "GET /assets/images/7west.jpg HTTP/1.1" 304 -
::1 - - [25/Feb/2026 10:23:37] "GET /assets/images/sync.jpg HTTP/1.1" 304 -
::1 - - [25/Feb/2026 10:23:37] "GET /assets/images/word-clock.jpg HTTP/1.1" 304 -
::1 - - [25/Feb/2026 10:23:37] "GET /assets/images/sea-love.jpg HTTP/1.1" 304 -
::1 - - [25/Feb/2026 10:23:37] "GET /assets/images/zillow.jpg HTTP/1.1" 304 -
::1 - - [25/Feb/2026 10:23:37] "GET /assets/images/google-nest.jpg HTTP/1.1" 304 -
::1 - - [25/Feb/2026 10:23:37] "GET /assets/images/autonomous-vehicle.jpg HTTP/1.1" 304 -
::1 - - [25/Feb/2026 10:23:37] "GET /assets/images/kohler-scadpro.jpg HTTP/1.1" 304 -
::1 - - [25/Feb/2026 10:23:37] "GET /assets/images/kroger.jpg HTTP/1.1" 304 -
::1 - - [25/Feb/2026 10:23:37] "GET /assets/images/my-quote-photo.jpg HTTP/1.1" 200 -
::1 - - [25/Feb/2026 10:26:35] "GET /index.html HTTP/1.1" 200 -
::1 - - [25/Feb/2026 10:26:35] "GET /assets/images/word-clock.jpg HTTP/1.1" 200 -
::1 - - [25/Feb/2026 10:26:35] "GET /styles.css?v=58 HTTP/1.1" 200 -
::1 - - [25/Feb/2026 10:26:35] "GET /script.js?v=55 HTTP/1.1" 200 -
::1 - - [25/Feb/2026 10:26:35] "GET /assets/images/sync.jpg HTTP/1.1" 200 -
::1 - - [25/Feb/2026 10:26:35] "GET /assets/images/7west.jpg HTTP/1.1" 200 -
::1 - - [25/Feb/2026 10:26:35] "GET /assets/images/sea-love.jpg HTTP/1.1" 200 -
::1 - - [25/Feb/2026 10:26:35] "GET /assets/images/zillow.jpg HTTP/1.1" 200 -
::1 - - [25/Feb/2026 10:26:35] "GET /assets/images/google-nest.jpg HTTP/1.1" 200 -
::1 - - [25/Feb/2026 10:26:35] "GET /assets/images/kroger.jpg HTTP/1.1" 200 -
::1 - - [25/Feb/2026 10:26:35] "GET /assets/images/autonomous-vehicle.jpg HTTP/1.1" 200 -
::1 - - [25/Feb/2026 10:26:35] "GET /assets/images/kohler-scadpro.jpg HTTP/1.1" 200 -
::1 - - [25/Feb/2026 10:26:35] "GET /assets/images/my-quote-photo.jpg HTTP/1.1" 200 -
::1 - - [25/Feb/2026 10:26:35] code 404, message File not found
::1 - - [25/Feb/2026 10:26:35] "GET /favicon.ico HTTP/1.1" 404 -
::1 - - [25/Feb/2026 10:43:57] "GET /index.html HTTP/1.1" 200 -
::1 - - [25/Feb/2026 10:43:58] "GET /styles.css?v=58 HTTP/1.1" 200 -
::1 - - [25/Feb/2026 10:43:58] "GET /assets/images/7west.jpg HTTP/1.1" 200 -
::1 - - [25/Feb/2026 10:43:58] "GET /assets/images/sea-love.jpg HTTP/1.1" 200 -
::1 - - [25/Feb/2026 10:43:58] "GET /script.js?v=55 HTTP/1.1" 200 -
::1 - - [25/Feb/2026 10:43:58] "GET /assets/images/word-clock.jpg HTTP/1.1" 200 -
::1 - - [25/Feb/2026 10:43:58] "GET /assets/images/zillow.jpg HTTP/1.1" 200 -
::1 - - [25/Feb/2026 10:43:58] "GET /assets/images/sync.jpg HTTP/1.1" 200 -
::1 - - [25/Feb/2026 10:43:58] "GET /assets/images/google-nest.jpg HTTP/1.1" 200 -
::1 - - [25/Feb/2026 10:43:58] "GET /assets/images/autonomous-vehicle.jpg HTTP/1.1" 200 -
::1 - - [25/Feb/2026 10:43:58] "GET /assets/images/kohler-scadpro.jpg HTTP/1.1" 200 -
::1 - - [25/Feb/2026 10:43:58] "GET /assets/images/kroger.jpg HTTP/1.1" 200 -
::1 - - [25/Feb/2026 10:43:58] "GET /assets/images/my-quote-photo.jpg HTTP/1.1" 200 -
::1 - - [25/Feb/2026 10:43:59] code 404, message File not found
::1 - - [25/Feb/2026 10:43:59] "GET /favicon.ico HTTP/1.1" 404 -
::1 - - [25/Feb/2026 11:03:54] "GET /index.html HTTP/1.1" 200 -
::1 - - [25/Feb/2026 11:03:55] "GET /styles.css?v=58 HTTP/1.1" 200 -
::1 - - [25/Feb/2026 11:03:55] "GET /script.js?v=55 HTTP/1.1" 304 -
::1 - - [25/Feb/2026 11:03:55] "GET /assets/images/my-quote-photo.jpg HTTP/1.1" 304 -
::1 - - [25/Feb/2026 11:04:11] "GET /works.html HTTP/1.1" 200 -
::1 - - [25/Feb/2026 11:04:11] "GET /styles.css?v=59 HTTP/1.1" 200 -
::1 - - [25/Feb/2026 11:04:11] "GET /works-script.js?v=1 HTTP/1.1" 200 -
::1 - - [25/Feb/2026 11:09:19] "GET /works.html HTTP/1.1" 200 -
::1 - - [25/Feb/2026 11:09:19] "GET /styles.css?v=59 HTTP/1.1" 200 -
::1 - - [25/Feb/2026 11:09:19] "GET /works-script.js?v=1 HTTP/1.1" 304 -
::1 - - [25/Feb/2026 11:13:17] "GET /works.html HTTP/1.1" 200 -
::1 - - [25/Feb/2026 11:13:17] "GET /styles.css?v=59 HTTP/1.1" 200 -
::1 - - [25/Feb/2026 11:13:17] "GET /works-script.js?v=1 HTTP/1.1" 200 -
::1 - - [25/Feb/2026 11:13:17] "GET /assets/images/autonomous-vehicle.jpg HTTP/1.1" 200 -
::1 - - [25/Feb/2026 11:13:17] code 404, message File not found
::1 - - [25/Feb/2026 11:13:17] "GET /favicon.ico HTTP/1.1" 404 -
::1 - - [25/Feb/2026 11:15:20] "GET /works.html HTTP/1.1" 200 -
::1 - - [25/Feb/2026 11:15:20] "GET /styles.css?v=59 HTTP/1.1" 200 -
::1 - - [25/Feb/2026 11:15:20] "GET /works-script.js?v=1 HTTP/1.1" 304 -
::1 - - [25/Feb/2026 11:15:28] "GET /index.html HTTP/1.1" 200 -
::1 - - [25/Feb/2026 11:48:08] "GET /index.html HTTP/1.1" 200 -
::1 - - [25/Feb/2026 11:48:08] "GET /script.js?v=55 HTTP/1.1" 304 -
::1 - - [25/Feb/2026 11:48:08] "GET /styles.css?v=58 HTTP/1.1" 200 -
::1 - - [25/Feb/2026 11:48:08] "GET /assets/images/my-quote-photo.jpg HTTP/1.1" 304 -
